<?xml version="1.0" encoding="UTF-8"?>
<!-- Generated by org.testng.reporters.JUnitReportReporter -->
<testsuite hostname="BWAW_500" name="org.Test.TestTest.TestLuxmedPacjentPediatraAgnieszkaZubrzycka" tests="10" failures="0" timestamp="2 Jan 2018 10:09:23 GMT" time="81.328" errors="0">
  <testcase name="choseData" time="10.556" classname="org.Test.TestTest.TestLuxmedPacjentPediatraAgnieszkaZubrzycka"/>
  <testcase name="choseSpecialist" time="9.520" classname="org.Test.TestTest.TestLuxmedPacjentPediatraAgnieszkaZubrzycka"/>
  <testcase name="ChosePacjent" time="9.439" classname="org.Test.TestTest.TestLuxmedPacjentPediatraAgnieszkaZubrzycka"/>
  <testcase name="goVisitTypeAndResults" time="10.442" classname="org.Test.TestTest.TestLuxmedPacjentPediatraAgnieszkaZubrzycka"/>
  <testcase name="CheckUrl" time="0.529" classname="org.Test.TestTest.TestLuxmedPacjentPediatraAgnieszkaZubrzycka"/>
  <testcase name="LunchLuxmed" time="5.992" classname="org.Test.TestTest.TestLuxmedPacjentPediatraAgnieszkaZubrzycka"/>
  <testcase name="searchResults" time="14.587" classname="org.Test.TestTest.TestLuxmedPacjentPediatraAgnieszkaZubrzycka"/>
  <testcase name="ChoseRodzajRezerwacji" time="4.874" classname="org.Test.TestTest.TestLuxmedPacjentPediatraAgnieszkaZubrzycka"/>
  <testcase name="choseLocationSpecialistPerson" time="7.525" classname="org.Test.TestTest.TestLuxmedPacjentPediatraAgnieszkaZubrzycka"/>
  <testcase name="ClickRezerwacja" time="7.864" classname="org.Test.TestTest.TestLuxmedPacjentPediatraAgnieszkaZubrzycka"/>
</testsuite> <!-- org.Test.TestTest.TestLuxmedPacjentPediatraAgnieszkaZubrzycka -->
