<?xml version="1.0" encoding="UTF-8"?>
<!-- Generated by org.testng.reporters.JUnitReportReporter -->
<testsuite hostname="BWAW_500" name="org.Test.TestTest.Test1" tests="4" failures="0" timestamp="22 Dec 2017 10:41:09 GMT" time="17.975" errors="0">
  <testcase name="CheckUrl" time="1.091" classname="org.Test.TestTest.Test1"/>
  <testcase name="LunchLuxmed" time="7.065" classname="org.Test.TestTest.Test1"/>
  <testcase name="ChosePacjent" time="9.524" classname="org.Test.TestTest.Test1"/>
  <testcase name="ClickRezerwacja" time="0.295" classname="org.Test.TestTest.Test1"/>
</testsuite> <!-- org.Test.TestTest.Test1 -->
