<?xml version="1.0" encoding="UTF-8"?>
<!-- Generated by org.testng.reporters.JUnitReportReporter -->
<testsuite hostname="BWAW_500" name="org.Test.TestTest.TestLuxmedPacjent" tests="10" failures="0" timestamp="28 Dec 2017 14:46:07 GMT" time="74.449" errors="0">
  <testcase name="searchResults" time="14.090" classname="org.Test.TestTest.TestLuxmedPacjent"/>
  <testcase name="ChosePacjent" time="13.526" classname="org.Test.TestTest.TestLuxmedPacjent"/>
  <testcase name="choseLocationSpecialistPerson" time="7.647" classname="org.Test.TestTest.TestLuxmedPacjent"/>
  <testcase name="choseData" time="10.579" classname="org.Test.TestTest.TestLuxmedPacjent"/>
  <testcase name="CheckUrl" time="0.515" classname="org.Test.TestTest.TestLuxmedPacjent"/>
  <testcase name="LunchLuxmed" time="2.923" classname="org.Test.TestTest.TestLuxmedPacjent"/>
  <testcase name="ChoseRodzajRezerwacji" time="1.746" classname="org.Test.TestTest.TestLuxmedPacjent"/>
  <testcase name="ClickRezerwacja" time="3.684" classname="org.Test.TestTest.TestLuxmedPacjent"/>
  <testcase name="goVisitTypeAndResults" time="10.413" classname="org.Test.TestTest.TestLuxmedPacjent"/>
  <testcase name="choseSpecialist" time="9.326" classname="org.Test.TestTest.TestLuxmedPacjent"/>
</testsuite> <!-- org.Test.TestTest.TestLuxmedPacjent -->
