<?xml version="1.0" encoding="UTF-8"?>
<!-- Generated by org.testng.reporters.JUnitReportReporter -->
<testsuite hostname="BWAW_500" name="org.Test.TestTest.TestLuxmedPacjentPediatriaAllSpecialists" tests="10" failures="0" timestamp="2 Jan 2018 11:02:15 GMT" time="71.468" errors="0">
  <testcase name="ClickRezerwacja1" time="3.725" classname="org.Test.TestTest.TestLuxmedPacjentPediatriaAllSpecialists"/>
  <testcase name="choseLocationSpecialistPerson1" time="7.453" classname="org.Test.TestTest.TestLuxmedPacjentPediatriaAllSpecialists"/>
  <testcase name="choseData1" time="13.143" classname="org.Test.TestTest.TestLuxmedPacjentPediatriaAllSpecialists"/>
  <testcase name="printSpecWyniki1" time="1.537" classname="org.Test.TestTest.TestLuxmedPacjentPediatriaAllSpecialists"/>
  <testcase name="LunchLuxmed1" time="6.062" classname="org.Test.TestTest.TestLuxmedPacjentPediatriaAllSpecialists"/>
  <testcase name="ChosePacjent1" time="9.199" classname="org.Test.TestTest.TestLuxmedPacjentPediatriaAllSpecialists"/>
  <testcase name="choseSpecialist1" time="9.329" classname="org.Test.TestTest.TestLuxmedPacjentPediatriaAllSpecialists"/>
  <testcase name="ChoseRodzajRezerwacji1" time="4.779" classname="org.Test.TestTest.TestLuxmedPacjentPediatriaAllSpecialists"/>
  <testcase name="CheckUrl1" time="0.546" classname="org.Test.TestTest.TestLuxmedPacjentPediatriaAllSpecialists"/>
  <testcase name="searchResults1" time="15.695" classname="org.Test.TestTest.TestLuxmedPacjentPediatriaAllSpecialists"/>
</testsuite> <!-- org.Test.TestTest.TestLuxmedPacjentPediatriaAllSpecialists -->
