<?xml version="1.0" encoding="UTF-8"?>
<!-- Generated by org.testng.reporters.JUnitReportReporter -->
<testsuite hostname="BWAW_500" name="org.Test.TestTest.LuxmedPacjentPediatraAgnieszkaZubrzycka" tests="10" failures="0" timestamp="2 Jan 2018 11:02:15 GMT" time="81.822" errors="0">
  <testcase name="choseLocationSpecialistPerson" time="7.592" classname="org.Test.TestTest.LuxmedPacjentPediatraAgnieszkaZubrzycka"/>
  <testcase name="LunchLuxmed" time="6.641" classname="org.Test.TestTest.LuxmedPacjentPediatraAgnieszkaZubrzycka"/>
  <testcase name="ClickRezerwacja" time="3.916" classname="org.Test.TestTest.LuxmedPacjentPediatraAgnieszkaZubrzycka"/>
  <testcase name="ChosePacjent" time="9.379" classname="org.Test.TestTest.LuxmedPacjentPediatraAgnieszkaZubrzycka"/>
  <testcase name="CheckUrl" time="0.532" classname="org.Test.TestTest.LuxmedPacjentPediatraAgnieszkaZubrzycka"/>
  <testcase name="goVisitTypeAndResults" time="10.435" classname="org.Test.TestTest.LuxmedPacjentPediatraAgnieszkaZubrzycka"/>
  <testcase name="choseSpecialist" time="9.455" classname="org.Test.TestTest.LuxmedPacjentPediatraAgnieszkaZubrzycka"/>
  <testcase name="ChoseRodzajRezerwacji" time="4.832" classname="org.Test.TestTest.LuxmedPacjentPediatraAgnieszkaZubrzycka"/>
  <testcase name="searchResults" time="18.506" classname="org.Test.TestTest.LuxmedPacjentPediatraAgnieszkaZubrzycka"/>
  <testcase name="choseData" time="10.534" classname="org.Test.TestTest.LuxmedPacjentPediatraAgnieszkaZubrzycka"/>
</testsuite> <!-- org.Test.TestTest.LuxmedPacjentPediatraAgnieszkaZubrzycka -->
