<?xml version="1.0" encoding="UTF-8"?>
<!-- Generated by org.testng.reporters.JUnitReportReporter -->
<testsuite hostname="BWAW_500" name="TestTest2.TestLuxmedPacjentPediatraAgnieszkaZubrzycka" tests="10" failures="0" timestamp="2 Jan 2018 09:49:02 GMT" time="82.753" errors="0">
  <testcase name="choseSpecialist" time="9.363" classname="TestTest2.TestLuxmedPacjentPediatraAgnieszkaZubrzycka"/>
  <testcase name="CheckUrl" time="0.437" classname="TestTest2.TestLuxmedPacjentPediatraAgnieszkaZubrzycka"/>
  <testcase name="ChoseRodzajRezerwacji" time="8.915" classname="TestTest2.TestLuxmedPacjentPediatraAgnieszkaZubrzycka"/>
  <testcase name="choseData" time="10.574" classname="TestTest2.TestLuxmedPacjentPediatraAgnieszkaZubrzycka"/>
  <testcase name="LunchLuxmed" time="6.219" classname="TestTest2.TestLuxmedPacjentPediatraAgnieszkaZubrzycka"/>
  <testcase name="ClickRezerwacja" time="3.647" classname="TestTest2.TestLuxmedPacjentPediatraAgnieszkaZubrzycka"/>
  <testcase name="ChosePacjent" time="9.305" classname="TestTest2.TestLuxmedPacjentPediatraAgnieszkaZubrzycka"/>
  <testcase name="searchResults" time="16.053" classname="TestTest2.TestLuxmedPacjentPediatraAgnieszkaZubrzycka"/>
  <testcase name="choseLocationSpecialistPerson" time="7.735" classname="TestTest2.TestLuxmedPacjentPediatraAgnieszkaZubrzycka"/>
  <testcase name="goVisitTypeAndResults" time="10.505" classname="TestTest2.TestLuxmedPacjentPediatraAgnieszkaZubrzycka"/>
</testsuite> <!-- TestTest2.TestLuxmedPacjentPediatraAgnieszkaZubrzycka -->
