<?xml version="1.0" encoding="UTF-8"?>
<!-- Generated by org.testng.reporters.JUnitReportReporter -->
<testsuite hostname="BWAW_500" name="org.Test.TestTest.TestLuxmedPacjentPediatriaAllSpecialists" tests="10" failures="0" timestamp="4 Jan 2018 12:29:35 GMT" time="57.992" errors="0">
  <testcase name="ClickRezerwacja1" time="3.398" classname="org.Test.TestTest.TestLuxmedPacjentPediatriaAllSpecialists"/>
  <testcase name="ChosePacjent1" time="9.503" classname="org.Test.TestTest.TestLuxmedPacjentPediatriaAllSpecialists"/>
  <testcase name="printSpecWyniki1" time="5.641" classname="org.Test.TestTest.TestLuxmedPacjentPediatriaAllSpecialists"/>
  <testcase name="choseSpecialist1" time="0.315" classname="org.Test.TestTest.TestLuxmedPacjentPediatriaAllSpecialists"/>
  <testcase name="CheckUrl1" time="0.612" classname="org.Test.TestTest.TestLuxmedPacjentPediatriaAllSpecialists"/>
  <testcase name="LunchLuxmed1" time="6.089" classname="org.Test.TestTest.TestLuxmedPacjentPediatriaAllSpecialists"/>
  <testcase name="ChoseRodzajRezerwacji1" time="1.702" classname="org.Test.TestTest.TestLuxmedPacjentPediatriaAllSpecialists"/>
  <testcase name="searchResults1" time="15.735" classname="org.Test.TestTest.TestLuxmedPacjentPediatriaAllSpecialists"/>
  <testcase name="choseLocationSpecialistPerson1" time="4.470" classname="org.Test.TestTest.TestLuxmedPacjentPediatriaAllSpecialists"/>
  <testcase name="choseData1" time="10.527" classname="org.Test.TestTest.TestLuxmedPacjentPediatriaAllSpecialists"/>
</testsuite> <!-- org.Test.TestTest.TestLuxmedPacjentPediatriaAllSpecialists -->
