<?xml version="1.0" encoding="UTF-8"?>
<!-- Generated by org.testng.reporters.JUnitReportReporter -->
<testsuite hostname="BWAW_500" name="org.Test.TestTest.LuxmedPacjentPediatraAgnieszkaZubrzycka" tests="10" failures="0" timestamp="3 Jan 2018 13:35:22 GMT" time="67.860" errors="0">
  <testcase name="choseSpecialist" time="0.339" classname="org.Test.TestTest.LuxmedPacjentPediatraAgnieszkaZubrzycka"/>
  <testcase name="searchResults" time="14.416" classname="org.Test.TestTest.LuxmedPacjentPediatraAgnieszkaZubrzycka"/>
  <testcase name="CheckUrl" time="4.705" classname="org.Test.TestTest.LuxmedPacjentPediatraAgnieszkaZubrzycka"/>
  <testcase name="LunchLuxmed" time="7.032" classname="org.Test.TestTest.LuxmedPacjentPediatraAgnieszkaZubrzycka"/>
  <testcase name="choseData" time="10.754" classname="org.Test.TestTest.LuxmedPacjentPediatraAgnieszkaZubrzycka"/>
  <testcase name="choseLocationSpecialistPerson" time="4.640" classname="org.Test.TestTest.LuxmedPacjentPediatraAgnieszkaZubrzycka"/>
  <testcase name="ChoseRodzajRezerwacji" time="1.805" classname="org.Test.TestTest.LuxmedPacjentPediatraAgnieszkaZubrzycka"/>
  <testcase name="ChosePacjent" time="9.819" classname="org.Test.TestTest.LuxmedPacjentPediatraAgnieszkaZubrzycka"/>
  <testcase name="goVisitTypeAndResults" time="10.937" classname="org.Test.TestTest.LuxmedPacjentPediatraAgnieszkaZubrzycka"/>
  <testcase name="ClickRezerwacja" time="3.413" classname="org.Test.TestTest.LuxmedPacjentPediatraAgnieszkaZubrzycka"/>
</testsuite> <!-- org.Test.TestTest.LuxmedPacjentPediatraAgnieszkaZubrzycka -->
