<?xml version="1.0" encoding="UTF-8"?>
<!-- Generated by org.testng.reporters.JUnitReportReporter -->
<testsuite hostname="BWAW_500" name="org.Test.TestTest.LuxmedPacjentPediatraAgnieszkaZubrzycka" tests="10" failures="0" timestamp="4 Jan 2018 12:21:22 GMT" time="64.685" errors="0">
  <testcase name="LunchLuxmed" time="6.660" classname="org.Test.TestTest.LuxmedPacjentPediatraAgnieszkaZubrzycka"/>
  <testcase name="ChoseRodzajRezerwacji" time="1.616" classname="org.Test.TestTest.LuxmedPacjentPediatraAgnieszkaZubrzycka"/>
  <testcase name="ChosePacjent" time="9.339" classname="org.Test.TestTest.LuxmedPacjentPediatraAgnieszkaZubrzycka"/>
  <testcase name="CheckUrl" time="0.609" classname="org.Test.TestTest.LuxmedPacjentPediatraAgnieszkaZubrzycka"/>
  <testcase name="choseLocationSpecialistPerson" time="4.448" classname="org.Test.TestTest.LuxmedPacjentPediatraAgnieszkaZubrzycka"/>
  <testcase name="goVisitTypeAndResults" time="10.015" classname="org.Test.TestTest.LuxmedPacjentPediatraAgnieszkaZubrzycka"/>
  <testcase name="ClickRezerwacja" time="3.615" classname="org.Test.TestTest.LuxmedPacjentPediatraAgnieszkaZubrzycka"/>
  <testcase name="choseSpecialist" time="0.375" classname="org.Test.TestTest.LuxmedPacjentPediatraAgnieszkaZubrzycka"/>
  <testcase name="searchResults" time="17.476" classname="org.Test.TestTest.LuxmedPacjentPediatraAgnieszkaZubrzycka"/>
  <testcase name="choseData" time="10.532" classname="org.Test.TestTest.LuxmedPacjentPediatraAgnieszkaZubrzycka"/>
</testsuite> <!-- org.Test.TestTest.LuxmedPacjentPediatraAgnieszkaZubrzycka -->
