<?xml version="1.0" encoding="UTF-8"?>
<!-- Generated by org.testng.reporters.JUnitReportReporter -->
<testsuite hostname="BWAW_500" name="org.Test.TestTest.LuxmedPacjentPediatraAgnieszkaZubrzycka" tests="10" failures="0" timestamp="4 Jan 2018 07:07:14 GMT" time="65.323" errors="0">
  <testcase name="ChoseRodzajRezerwacji" time="1.670" classname="org.Test.TestTest.LuxmedPacjentPediatraAgnieszkaZubrzycka"/>
  <testcase name="choseData" time="10.506" classname="org.Test.TestTest.LuxmedPacjentPediatraAgnieszkaZubrzycka"/>
  <testcase name="searchResults" time="18.208" classname="org.Test.TestTest.LuxmedPacjentPediatraAgnieszkaZubrzycka"/>
  <testcase name="CheckUrl" time="0.497" classname="org.Test.TestTest.LuxmedPacjentPediatraAgnieszkaZubrzycka"/>
  <testcase name="LunchLuxmed" time="6.962" classname="org.Test.TestTest.LuxmedPacjentPediatraAgnieszkaZubrzycka"/>
  <testcase name="choseLocationSpecialistPerson" time="4.512" classname="org.Test.TestTest.LuxmedPacjentPediatraAgnieszkaZubrzycka"/>
  <testcase name="ChosePacjent" time="9.360" classname="org.Test.TestTest.LuxmedPacjentPediatraAgnieszkaZubrzycka"/>
  <testcase name="choseSpecialist" time="0.547" classname="org.Test.TestTest.LuxmedPacjentPediatraAgnieszkaZubrzycka"/>
  <testcase name="goVisitTypeAndResults" time="9.683" classname="org.Test.TestTest.LuxmedPacjentPediatraAgnieszkaZubrzycka"/>
  <testcase name="ClickRezerwacja" time="3.378" classname="org.Test.TestTest.LuxmedPacjentPediatraAgnieszkaZubrzycka"/>
</testsuite> <!-- org.Test.TestTest.LuxmedPacjentPediatraAgnieszkaZubrzycka -->
