<?xml version="1.0" encoding="UTF-8"?>
<!-- Generated by org.testng.reporters.JUnitReportReporter -->
<testsuite hostname="BWAW_500" name="org.Test.TestTest.LuxmedPacjentPediatraAgnieszkaZubrzycka" tests="10" failures="0" timestamp="3 Jan 2018 09:29:12 GMT" time="81.798" errors="0">
  <testcase name="goVisitTypeAndResults" time="10.453" classname="org.Test.TestTest.LuxmedPacjentPediatraAgnieszkaZubrzycka"/>
  <testcase name="CheckUrl" time="4.725" classname="org.Test.TestTest.LuxmedPacjentPediatraAgnieszkaZubrzycka"/>
  <testcase name="LunchLuxmed" time="6.304" classname="org.Test.TestTest.LuxmedPacjentPediatraAgnieszkaZubrzycka"/>
  <testcase name="choseData" time="10.408" classname="org.Test.TestTest.LuxmedPacjentPediatraAgnieszkaZubrzycka"/>
  <testcase name="choseSpecialist" time="9.377" classname="org.Test.TestTest.LuxmedPacjentPediatraAgnieszkaZubrzycka"/>
  <testcase name="choseLocationSpecialistPerson" time="7.454" classname="org.Test.TestTest.LuxmedPacjentPediatraAgnieszkaZubrzycka"/>
  <testcase name="ChoseRodzajRezerwacji" time="6.661" classname="org.Test.TestTest.LuxmedPacjentPediatraAgnieszkaZubrzycka"/>
  <testcase name="ChosePacjent" time="9.272" classname="org.Test.TestTest.LuxmedPacjentPediatraAgnieszkaZubrzycka"/>
  <testcase name="searchResults" time="13.646" classname="org.Test.TestTest.LuxmedPacjentPediatraAgnieszkaZubrzycka"/>
  <testcase name="ClickRezerwacja" time="3.498" classname="org.Test.TestTest.LuxmedPacjentPediatraAgnieszkaZubrzycka"/>
</testsuite> <!-- org.Test.TestTest.LuxmedPacjentPediatraAgnieszkaZubrzycka -->
